<?xml version="1.0" encoding="UTF-8"?>
<testsuite name="com.example.Training.tests.ULPTest" tests="3" skipped="0" failures="0" errors="0" timestamp="2025-05-30T06:44:08" hostname="DESKTOP-3K6BQ70" time="0.002">
  <properties/>
  <testcase name="testCaseProper" classname="com.example.Training.tests.ULPTest" time="0.001"/>
  <testcase name="testCaseLower" classname="com.example.Training.tests.ULPTest" time="0.0"/>
  <testcase name="testCaseUpper" classname="com.example.Training.tests.ULPTest" time="0.001"/>
  <system-out><![CDATA[]]></system-out>
  <system-err><![CDATA[]]></system-err>
</testsuite>
