<?xml version="1.0" encoding="UTF-8"?>
<testsuite name="com.example.Training.tests.StringManipulationTest" tests="4" skipped="0" failures="0" errors="0" timestamp="2025-05-30T06:44:08" hostname="DESKTOP-3K6BQ70" time="0.002">
  <properties/>
  <testcase name="testRemoveSpacesWithEmptyString" classname="com.example.Training.tests.StringManipulationTest" time="0.001"/>
  <testcase name="testRemoveSpaces" classname="com.example.Training.tests.StringManipulationTest" time="0.0"/>
  <testcase name="testRemoveSpacesWithMultipleSpaces" classname="com.example.Training.tests.StringManipulationTest" time="0.0"/>
  <testcase name="testRemoveSpacesWithMixedCharacters" classname="com.example.Training.tests.StringManipulationTest" time="0.0"/>
  <system-out><![CDATA[]]></system-out>
  <system-err><![CDATA[]]></system-err>
</testsuite>
