<?xml version="1.0" encoding="UTF-8"?>
<testsuite name="com.example.Training.tests.PersonTest" tests="1" skipped="0" failures="0" errors="0" timestamp="2025-05-25T15:36:34" hostname="DESKTOP-U4DD4T0" time="0.004">
  <properties/>
  <testcase name="testSortAscendingNormal" classname="com.example.Training.tests.PersonTest" time="0.004"/>
  <system-out><![CDATA[]]></system-out>
  <system-err><![CDATA[]]></system-err>
</testsuite>
