<?xml version="1.0" encoding="UTF-8"?>
<testsuite name="com.example.Training.tests.SplitTest" tests="1" skipped="0" failures="0" errors="0" timestamp="2025-05-29T00:07:30" hostname="LAPTOP-DT0VEB3O" time="0.002">
  <properties/>
  <testcase name="testDelimeterIsSpace" classname="com.example.Training.tests.SplitTest" time="0.002"/>
  <system-out><![CDATA[]]></system-out>
  <system-err><![CDATA[]]></system-err>
</testsuite>
