<?xml version="1.0" encoding="UTF-8"?>
<testsuite name="com.example.Training.tests.PersonTest" tests="1" skipped="0" failures="0" errors="0" timestamp="2025-05-30T06:44:08" hostname="DESKTOP-3K6BQ70" time="0.0">
  <properties/>
  <testcase name="testIsAdult" classname="com.example.Training.tests.PersonTest" time="0.0"/>
  <system-out><![CDATA[]]></system-out>
  <system-err><![CDATA[]]></system-err>
</testsuite>
